Array
(
    [post_type_name] => Array
        (
            [id] => post_type_name
            [type] => text
            [label] => Post type general name
            [desc] => The handle (slug) name of the post type, usually plural.
            [placeholder] => e.g. news
            [required] => true
        )

    [singular_name] => Array
        (
            [id] => singular_name
            [type] => text
            [label] => Singular name
            [desc] => name for one object of this post type.
            [placeholder] => e.g. article
        )

    [menu_name] => Array
        (
            [id] => menu_name
            [type] => text
            [label] => Menu name
            [desc] => display left menu label. same as name (if empty)
            [placeholder] => e.g. News
        )

    [edit_item] => Array
        (
            [id] => edit_item
            [type] => text
            [placeholder] => Изменить 
            [data-label] => Изменить [single]
            [label] => Edit item
            [desc] => Default is Edit Post/Edit Page
        )

    [view_item] => Array
        (
            [id] => view_item
            [type] => text
            [placeholder] => Показать 
            [data-label] => Показать [single]
            [label] => View item
            [desc] => Default is View Post/View Page.
        )

    [all_items] => Array
        (
            [id] => all_items
            [type] => text
            [placeholder] => Все 
            [data-label] => Все [plural]
            [label] => All items
            [desc] => String for the submenu. Default is All Posts/All Pages.
        )

    [search_items] => Array
        (
            [id] => search_items
            [type] => text
            [placeholder] => Найти 
            [data-label] => Найти [single]
            [label] => Search items
            [desc] => Default is Search Posts/Search Pages.
        )

    [not_found] => Array
        (
            [id] => not_found
            [type] => text
            [placeholder] =>  не найдены
            [data-label] => [plural] не найдены
            [label] => Not found
            [desc] => Default is No posts found/No pages found.
        )

    [not_found_in_trash] => Array
        (
            [id] => not_found_in_trash
            [type] => text
            [placeholder] =>  в корзине не найдены
            [data-label] => [plural] в корзине не найдены
            [label] => Not found in Trash
            [desc] => Default is No posts found in Trash/No pages found in Trash.
        )

)
